  Game.cpp
C:\Users\I love cortana\Documents\Visual Studio 2015\Projects\Lonely\Lonely-core\Content\Maths.h(39): warning C4244: 'return': conversion from 'double' to 'float', possible loss of data
ExampleGame\Game.cpp(33): warning C4244: 'argument': conversion from 'unsigned int' to 'float', possible loss of data
ExampleGame\Game.cpp(35): warning C4244: 'argument': conversion from 'unsigned int' to 'float', possible loss of data
ExampleGame\Game.cpp(74): warning C4244: 'argument': conversion from 'double' to 'float', possible loss of data
ExampleGame\Game.cpp(77): warning C4244: 'argument': conversion from 'double' to 'float', possible loss of data
ExampleGame\Game.cpp(82): warning C4244: 'argument': conversion from 'double' to 'float', possible loss of data
ExampleGame\Game.cpp(85): warning C4244: 'argument': conversion from 'double' to 'float', possible loss of data
ExampleGame\Game.cpp(101): warning C4244: 'argument': conversion from 'double' to 'float', possible loss of data
ExampleGame\Game.cpp(108): warning C4244: 'argument': conversion from 'double' to 'float', possible loss of data
ExampleGame\Game.cpp(172): warning C4244: '=': conversion from 'double' to 'float', possible loss of data
ExampleGame\Game.cpp(174): warning C4244: '=': conversion from 'double' to 'float', possible loss of data
ExampleGame\Game.cpp(176): warning C4244: 'argument': conversion from 'double' to 'float', possible loss of data
ExampleGame\Game.cpp(193): warning C4244: '=': conversion from 'double' to 'float', possible loss of data
ExampleGame\Game.cpp(237): warning C4244: 'initializing': conversion from 'unsigned int' to 'float', possible loss of data
ExampleGame\Game.cpp(238): warning C4244: 'initializing': conversion from 'unsigned int' to 'float', possible loss of data
ExampleGame\Game.cpp(243): warning C4018: '<': signed/unsigned mismatch
ExampleGame\Game.cpp(245): warning C4018: '<': signed/unsigned mismatch
  main.cpp
C:\Users\I love cortana\Documents\Visual Studio 2015\Projects\Lonely\Lonely-core\Content\Maths.h(39): warning C4244: 'return': conversion from 'double' to 'float', possible loss of data
C:\Program Files (x86)\Windows Kits\8.1\Include\shared\minwindef.h(130): warning C4005: 'APIENTRY': macro redefinition
  C:\Users\I love cortana\Documents\Visual Studio 2015\Projects\Lonely\Lonely-core\Dependencies\GLFW\include\GLFW/glfw3.h(98): note: see previous definition of 'APIENTRY'
  Ball.cpp
C:\Users\I love cortana\Documents\Visual Studio 2015\Projects\Lonely\Lonely-core\Content\Maths.h(39): warning C4244: 'return': conversion from 'double' to 'float', possible loss of data
  Paddle.cpp
C:\Users\I love cortana\Documents\Visual Studio 2015\Projects\Lonely\Lonely-core\Content\Maths.h(39): warning C4244: 'return': conversion from 'double' to 'float', possible loss of data
  Input.cpp
C:\Users\I love cortana\Documents\Visual Studio 2015\Projects\Lonely\Lonely-core\Content\Maths.h(39): warning C4244: 'return': conversion from 'double' to 'float', possible loss of data
  Sound.cpp
  SoundManager.cpp
  Debugger.cpp
  imgui.cpp
  imgui_demo.cpp
  imgui_draw.cpp
  imgui_impl_glfw_gl3.cpp
  Framebuffer.cpp
C:\Users\I love cortana\Documents\Visual Studio 2015\Projects\Lonely\Lonely-core\Content\Maths.h(39): warning C4244: 'return': conversion from 'double' to 'float', possible loss of data
  IndexBuffer.cpp
  RenderBuffer.cpp
  VertexArray.cpp
  VertexBuffer.cpp
  Camera.cpp
C:\Users\I love cortana\Documents\Visual Studio 2015\Projects\Lonely\Lonely-core\Content\Maths.h(39): warning C4244: 'return': conversion from 'double' to 'float', possible loss of data
  FontManager.cpp
C:\Users\I love cortana\Documents\Visual Studio 2015\Projects\Lonely\Lonely-core\Content\Maths.h(39): warning C4244: 'return': conversion from 'double' to 'float', possible loss of data
Source\Graphics\Fonts\FontManager.cpp(115): warning C4838: conversion from 'FT_Pos' to 'unsigned int' requires a narrowing conversion
  Layer.cpp
C:\Users\I love cortana\Documents\Visual Studio 2015\Projects\Lonely\Lonely-core\Content\Maths.h(39): warning C4244: 'return': conversion from 'double' to 'float', possible loss of data
  Compiling...
  Renderer.cpp
C:\Users\I love cortana\Documents\Visual Studio 2015\Projects\Lonely\Lonely-core\Content\Maths.h(39): warning C4244: 'return': conversion from 'double' to 'float', possible loss of data
  ResourceManager.cpp
C:\Users\I love cortana\Documents\Visual Studio 2015\Projects\Lonely\Lonely-core\Content\Maths.h(39): warning C4244: 'return': conversion from 'double' to 'float', possible loss of data
  Shader.cpp
C:\Users\I love cortana\Documents\Visual Studio 2015\Projects\Lonely\Lonely-core\Content\Maths.h(39): warning C4244: 'return': conversion from 'double' to 'float', possible loss of data
  Texture.cpp
  Window.cpp
C:\Users\I love cortana\Documents\Visual Studio 2015\Projects\Lonely\Lonely-core\Content\Maths.h(39): warning C4244: 'return': conversion from 'double' to 'float', possible loss of data
  Button.cpp
C:\Users\I love cortana\Documents\Visual Studio 2015\Projects\Lonely\Lonely-core\Content\Maths.h(39): warning C4244: 'return': conversion from 'double' to 'float', possible loss of data
  AABB.cpp
C:\Users\I love cortana\Documents\Visual Studio 2015\Projects\Lonely\Lonely-core\Content\Maths.h(39): warning C4244: 'return': conversion from 'double' to 'float', possible loss of data
  CircleCollision.cpp
C:\Users\I love cortana\Documents\Visual Studio 2015\Projects\Lonely\Lonely-core\Content\Maths.h(39): warning C4244: 'return': conversion from 'double' to 'float', possible loss of data
  mat4.cpp
C:\Users\I love cortana\Documents\Visual Studio 2015\Projects\Lonely\Lonely-core\Content\Maths.h(39): warning C4244: 'return': conversion from 'double' to 'float', possible loss of data
  vec2.cpp
  vec3.cpp
  vec4.cpp
  stb_image.cpp
LINK : warning LNK4098: defaultlib 'LIBCMT' conflicts with use of other libs; use /NODEFAULTLIB:library
  Generating code
  All 2058 functions were compiled because no usable IPDB/IOBJ from previous compilation was found.
  Finished generating code
glew32s.lib(glew.obj) : warning LNK4099: PDB 'vc120.pdb' was not found with 'glew32s.lib(glew.obj)' or at 'C:\Users\I love cortana\Documents\Visual Studio 2015\Projects\Lonely\bin\Release\vc120.pdb'; linking object as if no debug info
  Lonely-core.vcxproj -> C:\Users\I love cortana\Documents\Visual Studio 2015\Projects\Lonely\bin\Release\Lonely-core.exe
  Lonely-core.vcxproj -> C:\Users\I love cortana\Documents\Visual Studio 2015\Projects\Lonely\bin\Release\Lonely-core.pdb (Full PDB)
