c:\users\i love cortana\documents\visual studio 2015\projects\lonely\bin\debug\intermediate\vc140.pdb
c:\users\i love cortana\documents\visual studio 2015\projects\lonely\bin\debug\intermediate\vc140.idb
c:\users\i love cortana\documents\visual studio 2015\projects\lonely\bin\debug\intermediate\indexbuffer.obj
c:\users\i love cortana\documents\visual studio 2015\projects\lonely\bin\debug\intermediate\renderbuffer.obj
c:\users\i love cortana\documents\visual studio 2015\projects\lonely\bin\debug\intermediate\vertexarray.obj
c:\users\i love cortana\documents\visual studio 2015\projects\lonely\bin\debug\intermediate\vertexbuffer.obj
c:\users\i love cortana\documents\visual studio 2015\projects\lonely\bin\debug\intermediate\camera.obj
c:\users\i love cortana\documents\visual studio 2015\projects\lonely\bin\debug\intermediate\fontmanager.obj
c:\users\i love cortana\documents\visual studio 2015\projects\lonely\bin\debug\intermediate\layer.obj
c:\users\i love cortana\documents\visual studio 2015\projects\lonely\bin\debug\intermediate\renderer.obj
c:\users\i love cortana\documents\visual studio 2015\projects\lonely\bin\debug\intermediate\resourcemanager.obj
c:\users\i love cortana\documents\visual studio 2015\projects\lonely\bin\debug\intermediate\shader.obj
c:\users\i love cortana\documents\visual studio 2015\projects\lonely\bin\debug\intermediate\texture.obj
c:\users\i love cortana\documents\visual studio 2015\projects\lonely\bin\debug\intermediate\window.obj
c:\users\i love cortana\documents\visual studio 2015\projects\lonely\bin\debug\intermediate\button.obj
c:\users\i love cortana\documents\visual studio 2015\projects\lonely\bin\debug\intermediate\aabb.obj
c:\users\i love cortana\documents\visual studio 2015\projects\lonely\bin\debug\intermediate\circlecollision.obj
c:\users\i love cortana\documents\visual studio 2015\projects\lonely\bin\debug\intermediate\mat4.obj
c:\users\i love cortana\documents\visual studio 2015\projects\lonely\bin\debug\intermediate\vec2.obj
c:\users\i love cortana\documents\visual studio 2015\projects\lonely\bin\debug\intermediate\vec3.obj
c:\users\i love cortana\documents\visual studio 2015\projects\lonely\bin\debug\intermediate\vec4.obj
c:\users\i love cortana\documents\visual studio 2015\projects\lonely\bin\debug\intermediate\stb_image.obj
c:\users\i love cortana\documents\visual studio 2015\projects\lonely\bin\debug\intermediate\game.obj
c:\users\i love cortana\documents\visual studio 2015\projects\lonely\bin\debug\intermediate\main.obj
c:\users\i love cortana\documents\visual studio 2015\projects\lonely\bin\debug\intermediate\ball.obj
c:\users\i love cortana\documents\visual studio 2015\projects\lonely\bin\debug\intermediate\paddle.obj
c:\users\i love cortana\documents\visual studio 2015\projects\lonely\bin\debug\intermediate\input.obj
c:\users\i love cortana\documents\visual studio 2015\projects\lonely\bin\debug\intermediate\sound.obj
c:\users\i love cortana\documents\visual studio 2015\projects\lonely\bin\debug\intermediate\soundmanager.obj
c:\users\i love cortana\documents\visual studio 2015\projects\lonely\bin\debug\intermediate\debugger.obj
c:\users\i love cortana\documents\visual studio 2015\projects\lonely\bin\debug\intermediate\imgui.obj
c:\users\i love cortana\documents\visual studio 2015\projects\lonely\bin\debug\intermediate\imgui_demo.obj
c:\users\i love cortana\documents\visual studio 2015\projects\lonely\bin\debug\intermediate\imgui_draw.obj
c:\users\i love cortana\documents\visual studio 2015\projects\lonely\bin\debug\intermediate\imgui_impl_glfw_gl3.obj
c:\users\i love cortana\documents\visual studio 2015\projects\lonely\bin\debug\intermediate\framebuffer.obj
c:\users\i love cortana\documents\visual studio 2015\projects\lonely\bin\debug\lonely-core.ilk
c:\users\i love cortana\documents\visual studio 2015\projects\lonely\bin\debug\lonely-core.exe
c:\users\i love cortana\documents\visual studio 2015\projects\lonely\bin\debug\lonely-core.pdb
c:\users\i love cortana\documents\visual studio 2015\projects\lonely\bin\debug\intermediate\lonely-core.tlog\cl.command.1.tlog
c:\users\i love cortana\documents\visual studio 2015\projects\lonely\bin\debug\intermediate\lonely-core.tlog\cl.read.1.tlog
c:\users\i love cortana\documents\visual studio 2015\projects\lonely\bin\debug\intermediate\lonely-core.tlog\cl.write.1.tlog
c:\users\i love cortana\documents\visual studio 2015\projects\lonely\bin\debug\intermediate\lonely-core.tlog\link.command.1.tlog
c:\users\i love cortana\documents\visual studio 2015\projects\lonely\bin\debug\intermediate\lonely-core.tlog\link.read.1.tlog
c:\users\i love cortana\documents\visual studio 2015\projects\lonely\bin\debug\intermediate\lonely-core.tlog\link.write.1.tlog
